2023-11-02 10:53:20,284 timo-virtual-machine EnergieCommunitiesAPI-dev.jar[7548] INFO  [io.quarkus] (Quarkus Main Thread) EnergieCommunitiesAPI 1.0.0-SNAPSHOT on JVM (powered by Quarkus 3.4.2) started in 3.714s. Listening on: http://localhost:8080
2023-11-02 10:53:20,286 timo-virtual-machine EnergieCommunitiesAPI-dev.jar[7548] INFO  [io.quarkus] (Quarkus Main Thread) Profile dev activated. Live Coding activated.
2023-11-02 10:53:20,289 timo-virtual-machine EnergieCommunitiesAPI-dev.jar[7548] INFO  [io.quarkus] (Quarkus Main Thread) Installed features: [agroal, cdi, hibernate-orm, jdbc-mariadb, narayana-jta, oidc, resteasy-reactive, resteasy-reactive-jackson, security, smallrye-context-propagation, smallrye-openapi, swagger-ui, vertx]
2023-11-02 10:53:20,290 timo-virtual-machine EnergieCommunitiesAPI-dev.jar[7548] INFO  [io.qua.dep.dev.RuntimeUpdatesProcessor] (vert.x-worker-thread-1) Live reload total time: 6.870s 
2023-11-02 10:53:20,293 timo-virtual-machine EnergieCommunitiesAPI-dev.jar[7548] INFO  [io.qua.dep.dev.RuntimeUpdatesProcessor] (vert.x-worker-thread-1) Live reload took more than 4 seconds, you may want to enable instrumentation based reload (quarkus.live-reload.instrumentation=true). This allows small changes to take effect without restarting Quarkus.
2023-11-02 10:53:20,313 timo-virtual-machine EnergieCommunitiesAPI-dev.jar[7548] ERROR [io.qua.hib.orm.run.sch.SchemaManagementIntegrator] (Hibernate post-boot validation thread for <default>) Failed to validate Schema: Schema-validation: wrong column type encountered in column [huishoudenID] in table [Energiemetingen]; found [int (Types#INTEGER)], but expecting [bigint (Types#BIGINT)]
2023-11-02 10:53:20,333 timo-virtual-machine EnergieCommunitiesAPI-dev.jar[7548] ERROR [io.qua.hib.orm.run.sch.SchemaManagementIntegrator] (Hibernate post-boot validation thread for <default>) The following SQL may resolve the database issues, as generated by the Hibernate schema migration tool. WARNING: You must manually verify this SQL is correct, this is a best effort guess, do not copy/paste it without verifying that it does what you expect.

alter table if exists Energiemetingen modify column huishoudenID bigint not null;
alter table if exists Energiemetingen modify column opwekKWh bigint;
alter table if exists Energiemetingen modify column verbruikKWh bigint;
alter table if exists Huishouden modify column huishoudenID bigint not null;
alter table if exists Huishouden modify column huisnummer bigint;

2023-11-02 10:53:20,334 timo-virtual-machine EnergieCommunitiesAPI-dev.jar[7548] INFO  [nl.zuy.ec.RequestLoggingFilter] (executor-thread-1) [REST Logging] Accept: [*/*]
2023-11-02 10:53:20,339 timo-virtual-machine EnergieCommunitiesAPI-dev.jar[7548] INFO  [nl.zuy.ec.RequestLoggingFilter] (executor-thread-1) [REST Logging] Accept-Encoding: [gzip, deflate, br]
2023-11-02 10:53:20,343 timo-virtual-machine EnergieCommunitiesAPI-dev.jar[7548] INFO  [nl.zuy.ec.RequestLoggingFilter] (executor-thread-1) [REST Logging] Authorization: [Bearer eyJhbGciOiJSUzI1NiIsInR5cCIgOiAiSldUIiwia2lkIiA6ICJjZklBRE5feHhDSm1Wa1d5Ti1QTlhFRXZNVVdzMnI2OEN4dG1oRUROelhVIn0.eyJleHAiOjE2OTg5MTkwMzEsImlhdCI6MTY5ODkxODczMSwianRpIjoiMmYwODIwMDktMWNiMy00ZTk1LWFjZWEtYmUwOWU1MTgwMDAxIiwiaXNzIjoiaHR0cDovL2xvY2FsaG9zdDo4MTgwL3JlYWxtcy9lbmVyZ2llY29tbXVuaXRpZXMiLCJzdWIiOiJmYmU2ZjM3OC0wM2Q4LTQ5NGItODRlNC1iYzAzYzBhYWRmMjYiLCJ0eXAiOiJCZWFyZXIiLCJhenAiOiJlbmVyZ2llY29tbXVuaXR5YXBpIiwic2Vzc2lvbl9zdGF0ZSI6IjY4ZDIwNjBiLTI1N2ItNDgyNi05MTVhLTAxZTc3ZDJmNGUxMiIsImFjciI6IjEiLCJhbGxvd2VkLW9yaWdpbnMiOlsiKiJdLCJyZWFsbV9hY2Nlc3MiOnsicm9sZXMiOlsiaHVpc2hvdWRlbiIsImRlZmF1bHQtcm9sZXMtcXVhcmt1cyJdfSwic2NvcGUiOiJlbWFpbCBwcm9maWxlIiwic2lkIjoiNjhkMjA2MGItMjU3Yi00ODI2LTkxNWEtMDFlNzdkMmY0ZTEyIiwiZW1haWxfdmVyaWZpZWQiOnRydWUsIm5hbWUiOiJQaWV0IEphc3BlcnMiLCJwcmVmZXJyZWRfdXNlcm5hbWUiOiJodWlzaG91ZGVuMSIsImdpdmVuX25hbWUiOiJQaWV0IiwiZmFtaWx5X25hbWUiOiJKYXNwZXJzIiwiZW1haWwiOiJwaWV0QHRlc3QubmwifQ.kBMExRJ9XugTDsKBOZXnC4DHBOXBEWR64E0Zpg1I2xiL52FlDJd2i5O8B54WFPZQLPIoKkUOrJFUdDZLyfsU0T1ZuiZsCXUB-LlWN5tT3K9hnoEKwvCXh5EYFjlUoBar_XP3znf0nKUHJKeZt_pfdDRlaONWTCjzhlwmikqKrhIOhGrs8TjuXXen6EvlnT-yL98XIQxuTX2MQdhBwcKSrB8fQu1YnhC5LVwzbFlW2-8al43FXBcEEGDT7LkmSmXRW5DHH2KUfy0hTin3XHjMbBIWTN7ZW01cKTWm7HyBqgjbqeL-9h6vBGN8dAhSSoaQ96p64PB-mHDqWZTAWcTiYA]
2023-11-02 10:53:20,347 timo-virtual-machine EnergieCommunitiesAPI-dev.jar[7548] INFO  [nl.zuy.ec.RequestLoggingFilter] (executor-thread-1) [REST Logging] Cache-Control: [no-cache]
2023-11-02 10:53:20,351 timo-virtual-machine EnergieCommunitiesAPI-dev.jar[7548] INFO  [nl.zuy.ec.RequestLoggingFilter] (executor-thread-1) [REST Logging] Connection: [keep-alive]
2023-11-02 10:53:20,359 timo-virtual-machine EnergieCommunitiesAPI-dev.jar[7548] INFO  [nl.zuy.ec.RequestLoggingFilter] (executor-thread-1) [REST Logging] Host: [localhost:8080]
2023-11-02 10:53:20,375 timo-virtual-machine EnergieCommunitiesAPI-dev.jar[7548] INFO  [nl.zuy.ec.RequestLoggingFilter] (executor-thread-1) [REST Logging] Postman-Token: [8f96b391-bdc8-483a-9650-b8888bd50625]
2023-11-02 10:53:20,379 timo-virtual-machine EnergieCommunitiesAPI-dev.jar[7548] INFO  [nl.zuy.ec.RequestLoggingFilter] (executor-thread-1) [REST Logging] User-Agent: [PostmanRuntime/7.33.0]
2023-11-02 10:53:20,383 timo-virtual-machine EnergieCommunitiesAPI-dev.jar[7548] INFO  [nl.zuy.ec.RequestLoggingFilter] (executor-thread-1) [REST Logging] x-quarkus-hot-deployment-done: [true]
2023-11-02 10:55:08,558 timo-virtual-machine EnergieCommunitiesAPI-dev.jar[7548] INFO  [nl.zuy.ec.RequestLoggingFilter] (executor-thread-1) [REST Logging] Accept: [*/*]
2023-11-02 10:55:08,561 timo-virtual-machine EnergieCommunitiesAPI-dev.jar[7548] INFO  [nl.zuy.ec.RequestLoggingFilter] (executor-thread-1) [REST Logging] Accept-Encoding: [gzip, deflate, br]
2023-11-02 10:55:08,566 timo-virtual-machine EnergieCommunitiesAPI-dev.jar[7548] INFO  [nl.zuy.ec.RequestLoggingFilter] (executor-thread-1) [REST Logging] Authorization: [Bearer eyJhbGciOiJSUzI1NiIsInR5cCIgOiAiSldUIiwia2lkIiA6ICJjZklBRE5feHhDSm1Wa1d5Ti1QTlhFRXZNVVdzMnI2OEN4dG1oRUROelhVIn0.eyJleHAiOjE2OTg5MTkwMzEsImlhdCI6MTY5ODkxODczMSwianRpIjoiMmYwODIwMDktMWNiMy00ZTk1LWFjZWEtYmUwOWU1MTgwMDAxIiwiaXNzIjoiaHR0cDovL2xvY2FsaG9zdDo4MTgwL3JlYWxtcy9lbmVyZ2llY29tbXVuaXRpZXMiLCJzdWIiOiJmYmU2ZjM3OC0wM2Q4LTQ5NGItODRlNC1iYzAzYzBhYWRmMjYiLCJ0eXAiOiJCZWFyZXIiLCJhenAiOiJlbmVyZ2llY29tbXVuaXR5YXBpIiwic2Vzc2lvbl9zdGF0ZSI6IjY4ZDIwNjBiLTI1N2ItNDgyNi05MTVhLTAxZTc3ZDJmNGUxMiIsImFjciI6IjEiLCJhbGxvd2VkLW9yaWdpbnMiOlsiKiJdLCJyZWFsbV9hY2Nlc3MiOnsicm9sZXMiOlsiaHVpc2hvdWRlbiIsImRlZmF1bHQtcm9sZXMtcXVhcmt1cyJdfSwic2NvcGUiOiJlbWFpbCBwcm9maWxlIiwic2lkIjoiNjhkMjA2MGItMjU3Yi00ODI2LTkxNWEtMDFlNzdkMmY0ZTEyIiwiZW1haWxfdmVyaWZpZWQiOnRydWUsIm5hbWUiOiJQaWV0IEphc3BlcnMiLCJwcmVmZXJyZWRfdXNlcm5hbWUiOiJodWlzaG91ZGVuMSIsImdpdmVuX25hbWUiOiJQaWV0IiwiZmFtaWx5X25hbWUiOiJKYXNwZXJzIiwiZW1haWwiOiJwaWV0QHRlc3QubmwifQ.kBMExRJ9XugTDsKBOZXnC4DHBOXBEWR64E0Zpg1I2xiL52FlDJd2i5O8B54WFPZQLPIoKkUOrJFUdDZLyfsU0T1ZuiZsCXUB-LlWN5tT3K9hnoEKwvCXh5EYFjlUoBar_XP3znf0nKUHJKeZt_pfdDRlaONWTCjzhlwmikqKrhIOhGrs8TjuXXen6EvlnT-yL98XIQxuTX2MQdhBwcKSrB8fQu1YnhC5LVwzbFlW2-8al43FXBcEEGDT7LkmSmXRW5DHH2KUfy0hTin3XHjMbBIWTN7ZW01cKTWm7HyBqgjbqeL-9h6vBGN8dAhSSoaQ96p64PB-mHDqWZTAWcTiYA]
2023-11-02 10:55:08,569 timo-virtual-machine EnergieCommunitiesAPI-dev.jar[7548] INFO  [nl.zuy.ec.RequestLoggingFilter] (executor-thread-1) [REST Logging] Cache-Control: [no-cache]
2023-11-02 10:55:08,572 timo-virtual-machine EnergieCommunitiesAPI-dev.jar[7548] INFO  [nl.zuy.ec.RequestLoggingFilter] (executor-thread-1) [REST Logging] Connection: [keep-alive]
2023-11-02 10:55:08,580 timo-virtual-machine EnergieCommunitiesAPI-dev.jar[7548] INFO  [nl.zuy.ec.RequestLoggingFilter] (executor-thread-1) [REST Logging] Host: [localhost:8080]
2023-11-02 10:55:08,583 timo-virtual-machine EnergieCommunitiesAPI-dev.jar[7548] INFO  [nl.zuy.ec.RequestLoggingFilter] (executor-thread-1) [REST Logging] Postman-Token: [5bf3ec5f-5623-493f-8f88-823f73bafbec]
2023-11-02 10:55:08,585 timo-virtual-machine EnergieCommunitiesAPI-dev.jar[7548] INFO  [nl.zuy.ec.RequestLoggingFilter] (executor-thread-1) [REST Logging] User-Agent: [PostmanRuntime/7.33.0]
